[15:13:47] [main/INFO]: Setting user: Player875
[15:13:51] [Client thread/INFO]: LWJGL Version: 2.9.1
[15:14:23] [Client thread/INFO]: Reloading ResourceManager: Default, FMLFileResourcePack:Forge Mod Loader, FMLFileResourcePack:Minecraft Forge, FMLFileResourcePack:Better Food, FMLFileResourcePack:Forestry for Minecraft, FMLFileResourcePack:IndustrialCraft 2
[15:14:38] [Sound Library Loader/INFO]: Sound engine started
[15:14:42] [Client thread/INFO]: Created: 16x16 textures/blocks-atlas
[15:14:42] [Client thread/INFO]: Created: 16x16 textures/items-atlas
[15:14:45] [Client thread/INFO]: Reloading ResourceManager: Default, FMLFileResourcePack:Forge Mod Loader, FMLFileResourcePack:Minecraft Forge, FMLFileResourcePack:Better Food, FMLFileResourcePack:Forestry for Minecraft, FMLFileResourcePack:IndustrialCraft 2
[15:14:52] [Client thread/INFO]: Created: 1024x512 textures/blocks-atlas
[15:14:53] [Client thread/INFO]: Created: 512x512 textures/items-atlas
[15:14:53] [Sound Library Loader/INFO]: Sound engine started
[15:15:04] [Server thread/INFO]: Starting integrated minecraft server version 1.7.10
[15:15:04] [Server thread/INFO]: Generating keypair
[15:15:04] [Server thread/INFO]: Preparing start region for level 0
[15:15:06] [Server thread/INFO]: Changing view distance to 2, from 10
[15:15:17] [Client thread/INFO]: Deleting level New World-
[15:15:17] [Client thread/INFO]: Attempt 1...
[15:15:18] [Server thread/INFO]: Stopping server
[15:15:18] [Server thread/INFO]: Saving players
[15:15:18] [Server thread/INFO]: Saving worlds
[15:15:18] [Server thread/INFO]: Saving chunks for level 'New World'/Overworld
[15:15:18] [Server thread/WARN]: Failed to check session lock, aborting
[15:15:18] [Server thread/INFO]: Saving chunks for level 'New World'/Nether
[15:15:18] [Server thread/INFO]: Saving chunks for level 'New World'/The End
[15:15:19] [Server thread/INFO]: Starting integrated minecraft server version 1.7.10
[15:15:19] [Server thread/INFO]: Generating keypair
[15:15:19] [Server thread/INFO]: Preparing start region for level 0
[15:15:20] [Server thread/INFO]: Changing view distance to 2, from 10
[15:15:21] [Server thread/INFO]: Player875[local:E:44cd6371] logged in with entity id 189 at (721.7932263994751, 4.0, -145.03542535508456)
[15:15:21] [Server thread/INFO]: Player875 joined the game
[15:15:45] [Server thread/INFO]: Saving and pausing game...
[15:15:45] [Server thread/INFO]: Saving chunks for level 'New World'/Overworld
[15:15:45] [Server thread/INFO]: Saving chunks for level 'New World'/Nether
[15:15:45] [Server thread/INFO]: Saving chunks for level 'New World'/The End
[15:17:33] [Server thread/INFO]: Saving and pausing game...
[15:17:33] [Server thread/INFO]: Saving chunks for level 'New World'/Overworld
[15:17:33] [Server thread/INFO]: Saving chunks for level 'New World'/Nether
[15:17:33] [Server thread/INFO]: Saving chunks for level 'New World'/The End
[15:17:34] [Server thread/INFO]: Stopping server
[15:17:34] [Server thread/INFO]: Saving players
[15:17:34] [Server thread/INFO]: Saving worlds
[15:17:34] [Server thread/INFO]: Saving chunks for level 'New World'/Overworld
[15:17:34] [Server thread/INFO]: Saving chunks for level 'New World'/Nether
[15:17:34] [Server thread/INFO]: Saving chunks for level 'New World'/The End
[15:17:35] [Client thread/INFO]: Stopping!
